This is pdfTeX, Version 3.141592653-2.6-1.40.23 (TeX Live 2022/dev) (preloaded format=pdflatex 2022.3.17)  25 JUN 2022 09:35
entering extended mode
 restricted \write18 enabled.
 %&-line parsing enabled.
**CV_Lakkakula.tex
(./CV_Lakkakula.tex
LaTeX2e <2021-11-15> patch level 1
L3 programming layer <2022-02-24> (./res.cls
Document Style `res' <26 Sep 89>.
Document Class: res 2000/05/19 v1.4b Resume class
(/Users/prithvirajlakkakula/Library/TinyTeX/texmf-dist/tex/latex/base/article.cls
Document Class: article 2021/10/04 v1.4n Standard LaTeX document class
(/Users/prithvirajlakkakula/Library/TinyTeX/texmf-dist/tex/latex/base/size10.clo
File: size10.clo 2021/10/04 v1.4n Standard LaTeX file (size option)
)
\c@part=\count185
\c@section=\count186
\c@subsection=\count187
\c@subsubsection=\count188
\c@paragraph=\count189
\c@subparagraph=\count190
\c@figure=\count191
\c@table=\count192
\abovecaptionskip=\skip47
\belowcaptionskip=\skip48
\bibindent=\dimen138
)
\tabular@text=\toks16
\tabular@head=\toks17
\tabular@tail=\toks18
\@ta=\toks19
\undefined@token=\toks20
\sectionwidth=\dimen139
\sectionskip=\skip49
\resumewidth=\dimen140
\@columnwidth=\dimen141
\c@numberofcolumns=\count193
) (./fancyhdr.sty
\headwidth=\dimen142
) (/Users/prithvirajlakkakula/Library/TinyTeX/texmf-dist/tex/latex/hyperref/hyperref.sty
Package: hyperref 2022-02-21 v7.00n Hypertext links for LaTeX
 (/Users/prithvirajlakkakula/Library/TinyTeX/texmf-dist/tex/generic/ltxcmds/ltxcmds.sty
Package: ltxcmds 2020-05-10 v1.25 LaTeX kernel commands for general use (HO)
) (/Users/prithvirajlakkakula/Library/TinyTeX/texmf-dist/tex/generic/iftex/iftex.sty
Package: iftex 2022/02/03 v1.0f TeX engine tests
) (/Users/prithvirajlakkakula/Library/TinyTeX/texmf-dist/tex/generic/pdftexcmds/pdftexcmds.sty
Package: pdftexcmds 2020-06-27 v0.33 Utility functions of pdfTeX for LuaTeX (HO)
 (/Users/prithvirajlakkakula/Library/TinyTeX/texmf-dist/tex/generic/infwarerr/infwarerr.sty
Package: infwarerr 2019/12/03 v1.5 Providing info/warning/error messages (HO)
)
Package pdftexcmds Info: \pdf@primitive is available.
Package pdftexcmds Info: \pdf@ifprimitive is available.
Package pdftexcmds Info: \pdfdraftmode found.
) (/Users/prithvirajlakkakula/Library/TinyTeX/texmf-dist/tex/latex/graphics/keyval.sty
Package: keyval 2014/10/28 v1.15 key=value parser (DPC)
\KV@toks@=\toks21
) (/Users/prithvirajlakkakula/Library/TinyTeX/texmf-dist/tex/generic/kvsetkeys/kvsetkeys.sty
Package: kvsetkeys 2019/12/15 v1.18 Key value parser (HO)
) (/Users/prithvirajlakkakula/Library/TinyTeX/texmf-dist/tex/generic/kvdefinekeys/kvdefinekeys.sty
Package: kvdefinekeys 2019-12-19 v1.6 Define keys (HO)
) (/Users/prithvirajlakkakula/Library/TinyTeX/texmf-dist/tex/generic/pdfescape/pdfescape.sty
Package: pdfescape 2019/12/09 v1.15 Implements pdfTeX's escape features (HO)
) (/Users/prithvirajlakkakula/Library/TinyTeX/texmf-dist/tex/latex/hycolor/hycolor.sty
Package: hycolor 2020-01-27 v1.10 Color options for hyperref/bookmark (HO)
) (/Users/prithvirajlakkakula/Library/TinyTeX/texmf-dist/tex/latex/letltxmacro/letltxmacro.sty
Package: letltxmacro 2019/12/03 v1.6 Let assignment for LaTeX macros (HO)
) (/Users/prithvirajlakkakula/Library/TinyTeX/texmf-dist/tex/latex/auxhook/auxhook.sty
Package: auxhook 2019-12-17 v1.6 Hooks for auxiliary files (HO)
) (/Users/prithvirajlakkakula/Library/TinyTeX/texmf-dist/tex/latex/kvoptions/kvoptions.sty
Package: kvoptions 2020-10-07 v3.14 Key value format for package options (HO)
)
\@linkdim=\dimen143
\Hy@linkcounter=\count194
\Hy@pagecounter=\count195
 (/Users/prithvirajlakkakula/Library/TinyTeX/texmf-dist/tex/latex/hyperref/pd1enc.def
File: pd1enc.def 2022-02-21 v7.00n Hyperref: PDFDocEncoding definition (HO)
Now handling font encoding PD1 ...
... no UTF-8 mapping file for font encoding PD1
) (/Users/prithvirajlakkakula/Library/TinyTeX/texmf-dist/tex/generic/intcalc/intcalc.sty
Package: intcalc 2019/12/15 v1.3 Expandable calculations with integers (HO)
) (/Users/prithvirajlakkakula/Library/TinyTeX/texmf-dist/tex/generic/etexcmds/etexcmds.sty
Package: etexcmds 2019/12/15 v1.7 Avoid name clashes with e-TeX commands (HO)
)
\Hy@SavedSpaceFactor=\count196
 (/Users/prithvirajlakkakula/Library/TinyTeX/texmf-dist/tex/latex/hyperref/puenc.def
File: puenc.def 2022-02-21 v7.00n Hyperref: PDF Unicode definition (HO)
Now handling font encoding PU ...
... no UTF-8 mapping file for font encoding PU
)
Package hyperref Info: Hyper figures OFF on input line 4137.
Package hyperref Info: Link nesting OFF on input line 4142.
Package hyperref Info: Hyper index ON on input line 4145.
Package hyperref Info: Plain pages OFF on input line 4152.
Package hyperref Info: Backreferencing OFF on input line 4157.
Package hyperref Info: Implicit mode ON; LaTeX internals redefined.
Package hyperref Info: Bookmarks ON on input line 4390.
\c@Hy@tempcnt=\count197
 (/Users/prithvirajlakkakula/Library/TinyTeX/texmf-dist/tex/latex/url/url.sty
\Urlmuskip=\muskip16
Package: url 2013/09/16  ver 3.4  Verb mode for urls, etc.
)
LaTeX Info: Redefining \url on input line 4749.
\XeTeXLinkMargin=\dimen144
 (/Users/prithvirajlakkakula/Library/TinyTeX/texmf-dist/tex/generic/bitset/bitset.sty
Package: bitset 2019/12/09 v1.3 Handle bit-vector datatype (HO)
 (/Users/prithvirajlakkakula/Library/TinyTeX/texmf-dist/tex/generic/bigintcalc/bigintcalc.sty
Package: bigintcalc 2019/12/15 v1.5 Expandable calculations on big integers (HO)
))
\Fld@menulength=\count198
\Field@Width=\dimen145
\Fld@charsize=\dimen146
Package hyperref Info: Hyper figures OFF on input line 6027.
Package hyperref Info: Link nesting OFF on input line 6032.
Package hyperref Info: Hyper index ON on input line 6035.
Package hyperref Info: backreferencing OFF on input line 6042.
Package hyperref Info: Link coloring OFF on input line 6047.
Package hyperref Info: Link coloring with OCG OFF on input line 6052.
Package hyperref Info: PDF/A mode OFF on input line 6057.
LaTeX Info: Redefining \ref on input line 6097.
LaTeX Info: Redefining \pageref on input line 6101.
 (/Users/prithvirajlakkakula/Library/TinyTeX/texmf-dist/tex/latex/base/atbegshi-ltx.sty
Package: atbegshi-ltx 2021/01/10 v1.0c Emulation of the original atbegshi
package with kernel methods
)
\Hy@abspage=\count199
\c@Item=\count266
\c@Hfootnote=\count267
)
Package hyperref Info: Driver (autodetected): hpdftex.
 (/Users/prithvirajlakkakula/Library/TinyTeX/texmf-dist/tex/latex/hyperref/hpdftex.def
File: hpdftex.def 2022-02-21 v7.00n Hyperref driver for pdfTeX
 (/Users/prithvirajlakkakula/Library/TinyTeX/texmf-dist/tex/latex/base/atveryend-ltx.sty
Package: atveryend-ltx 2020/08/19 v1.0a Emulation of the original atveryend package
with kernel methods
)
\Fld@listcount=\count268
\c@bookmark@seq@number=\count269
 (/Users/prithvirajlakkakula/Library/TinyTeX/texmf-dist/tex/latex/rerunfilecheck/rerunfilecheck.sty
Package: rerunfilecheck 2019/12/05 v1.9 Rerun checks for auxiliary files (HO)
 (/Users/prithvirajlakkakula/Library/TinyTeX/texmf-dist/tex/generic/uniquecounter/uniquecounter.sty
Package: uniquecounter 2019/12/15 v1.4 Provide unlimited unique counter (HO)
)
Package uniquecounter Info: New unique counter `rerunfilecheck' on input line 286.
)
\Hy@SectionHShift=\skip50
)
Package hyperref Info: Option `colorlinks' set `true' on input line 11.
 (/Users/prithvirajlakkakula/Library/TinyTeX/texmf-dist/tex/latex/tools/multicol.sty
Package: multicol 2021/10/28 v1.9b multicolumn formatting (FMi)
\c@tracingmulticols=\count270
\mult@box=\box50
\multicol@leftmargin=\dimen147
\c@unbalance=\count271
\c@collectmore=\count272
\doublecol@number=\count273
\multicoltolerance=\count274
\multicolpretolerance=\count275
\full@width=\dimen148
\page@free=\dimen149
\premulticols=\dimen150
\postmulticols=\dimen151
\multicolsep=\skip51
\multicolbaselineskip=\skip52
\partial@page=\box51
\last@line=\box52
\maxbalancingoverflow=\dimen152
\mult@rightbox=\box53
\mult@grightbox=\box54
\mult@firstbox=\box55
\mult@gfirstbox=\box56
\@tempa=\box57
\@tempa=\box58
\@tempa=\box59
\@tempa=\box60
\@tempa=\box61
\@tempa=\box62
\@tempa=\box63
\@tempa=\box64
\@tempa=\box65
\@tempa=\box66
\@tempa=\box67
\@tempa=\box68
\@tempa=\box69
\@tempa=\box70
\@tempa=\box71
\@tempa=\box72
\@tempa=\box73
\@tempa=\box74
\@tempa=\box75
\@tempa=\box76
\@tempa=\box77
\@tempa=\box78
\@tempa=\box79
\@tempa=\box80
\@tempa=\box81
\@tempa=\box82
\@tempa=\box83
\@tempa=\box84
\@tempa=\box85
\@tempa=\box86
\@tempa=\box87
\@tempa=\box88
\@tempa=\box89
\@tempa=\box90
\@tempa=\box91
\@tempa=\box92
\c@minrows=\count276
\c@columnbadness=\count277
\c@finalcolumnbadness=\count278
\last@try=\dimen153
\multicolovershoot=\dimen154
\multicolundershoot=\dimen155
\mult@nat@firstbox=\box93
\colbreak@box=\box94
\mc@col@check@num=\count279
) (./paracol.sty
Package: paracol 2018/12/31 v1.35 
\pcol@currcol=\count280
\pcol@nextcol=\count281
\pcol@ncol=\count282
\pcol@ncolleft=\count283
\pcol@page=\count284
\pcol@basepage=\count285
\pcol@toppage=\count286
\pcol@footnotebase=\count287
\pcol@nfootnotes=\count288
\pcol@mcid=\count289
\pcol@prevdepth=\dimen156
\pcol@colht=\dimen157
\pcol@textfloatsep=\dimen158
\pcol@lrmargin=\dimen159
\pagerim=\dimen160
\pcol@topskip=\skip53
\belowfootnoteskip=\skip54
\pcol@topfnotes=\box95
\pcol@prespan=\box96
\pcol@rightpage=\box97
\pcol@colorstack@saved=\box98
\pcol@tempboxa=\box99
\pcol@tempboxb=\box100
\pcol@colorins=\insert252
\pcol@everyvbox=\toks22
) (./dirtytalk.sty
Package: dirtytalk 2010/11/21 A package making "quoting" easier
 (/Users/prithvirajlakkakula/Library/TinyTeX/texmf-dist/tex/latex/base/ifthen.sty
Package: ifthen 2020/11/24 v1.1c Standard LaTeX ifthen package (DPC)
)
\c@dirtytalk@qdepth=\count290
) (/Users/prithvirajlakkakula/Library/TinyTeX/texmf-dist/tex/latex/tools/verbatim.sty
Package: verbatim 2020-07-07 v1.5u LaTeX2e package for verbatim enhancements
\every@verbatim=\toks23
\verbatim@line=\toks24
\verbatim@in@stream=\read2
) (/Users/prithvirajlakkakula/Library/TinyTeX/texmf-dist/tex/latex/base/inputenc.sty
Package: inputenc 2021/02/14 v1.3d Input encoding file
\inpenc@prehook=\toks25
\inpenc@posthook=\toks26
) (./etaremune.sty
Package: etaremune 2005/06/01 v1.2 Reversed enumerate (HA)
 (/Users/prithvirajlakkakula/Library/TinyTeX/texmf-dist/tex/latex/xkeyval/xkeyval.sty
Package: xkeyval 2020/11/20 v2.8 package option processing (HA)
 (/Users/prithvirajlakkakula/Library/TinyTeX/texmf-dist/tex/generic/xkeyval/xkeyval.tex (/Users/prithvirajlakkakula/Library/TinyTeX/texmf-dist/tex/generic/xkeyval/xkvutils.tex
\XKV@toks=\toks27
\XKV@tempa@toks=\toks28
)
\XKV@depth=\count291
File: xkeyval.tex 2014/12/03 v2.7a key=value parser (HA)
))
\c@EM@itemctr=\count292
\c@EM@etaremunectr=\count293
) (/Users/prithvirajlakkakula/Library/TinyTeX/texmf-dist/tex/latex/l3backend/l3backend-pdftex.def
File: l3backend-pdftex.def 2022-02-07 L3 backend support: PDF output (pdfTeX)
\l__color_backend_stack_int=\count294
\l__pdf_internal_box=\box101
) (./CV_Lakkakula.aux)
\openout1 = `CV_Lakkakula.aux'.

LaTeX Font Info:    Checking defaults for OML/cmm/m/it on input line 46.
LaTeX Font Info:    ... okay on input line 46.
LaTeX Font Info:    Checking defaults for OMS/cmsy/m/n on input line 46.
LaTeX Font Info:    ... okay on input line 46.
LaTeX Font Info:    Checking defaults for OT1/cmr/m/n on input line 46.
LaTeX Font Info:    ... okay on input line 46.
LaTeX Font Info:    Checking defaults for T1/cmr/m/n on input line 46.
LaTeX Font Info:    ... okay on input line 46.
LaTeX Font Info:    Checking defaults for TS1/cmr/m/n on input line 46.
LaTeX Font Info:    ... okay on input line 46.
LaTeX Font Info:    Checking defaults for OMX/cmex/m/n on input line 46.
LaTeX Font Info:    ... okay on input line 46.
LaTeX Font Info:    Checking defaults for U/cmr/m/n on input line 46.
LaTeX Font Info:    ... okay on input line 46.
LaTeX Font Info:    Checking defaults for PD1/pdf/m/n on input line 46.
LaTeX Font Info:    ... okay on input line 46.
LaTeX Font Info:    Checking defaults for PU/pdf/m/n on input line 46.
LaTeX Font Info:    ... okay on input line 46.
 (/Users/prithvirajlakkakula/Library/TinyTeX/texmf-dist/tex/latex/graphics/color.sty
Package: color 2021/12/07 v1.3c Standard LaTeX Color (DPC)
 (/Users/prithvirajlakkakula/Library/TinyTeX/texmf-dist/tex/latex/graphics-cfg/color.cfg
File: color.cfg 2016/01/02 v1.6 sample color configuration
)
Package color Info: Driver file: pdftex.def on input line 149.
 (/Users/prithvirajlakkakula/Library/TinyTeX/texmf-dist/tex/latex/graphics-def/pdftex.def
File: pdftex.def 2020/10/05 v1.2a Graphics/color driver for pdftex
))
Package hyperref Info: Link coloring ON on input line 46.
 (/Users/prithvirajlakkakula/Library/TinyTeX/texmf-dist/tex/latex/hyperref/nameref.sty
Package: nameref 2021-04-02 v2.47 Cross-referencing by name of section
 (/Users/prithvirajlakkakula/Library/TinyTeX/texmf-dist/tex/latex/refcount/refcount.sty
Package: refcount 2019/12/15 v3.6 Data extraction from label references (HO)
) (/Users/prithvirajlakkakula/Library/TinyTeX/texmf-dist/tex/generic/gettitlestring/gettitlestring.sty
Package: gettitlestring 2019/12/15 v1.6 Cleanup title references (HO)
)
\c@section@level=\count295
)
LaTeX Info: Redefining \ref on input line 46.
LaTeX Info: Redefining \pageref on input line 46.
LaTeX Info: Redefining \nameref on input line 46.
 (./CV_Lakkakula.out) (./CV_Lakkakula.out)
\@outlinefile=\write3
\openout3 = `CV_Lakkakula.out'.

LaTeX Font Info:    External font `cmex10' loaded for size
(Font)              <7> on input line 55.
LaTeX Font Info:    External font `cmex10' loaded for size
(Font)              <5> on input line 55.
 [1

{/Users/prithvirajlakkakula/Library/TinyTeX/texmf-var/fonts/map/pdftex/updmap/pdftex.map}]
Overfull \hbox (1.35588pt too wide) in paragraph at lines 174--175
[]\OT1/cmr/bx/n/10 Lakkakula, P\OT1/cmr/m/n/10 ., Bul-lock, D., and Wil-son, W. (2021). [][]``Asym-met-ric In-for-ma-tion and Blockchain
 []


Overfull \hbox (43.18315pt too wide) in paragraph at lines 174--175
\OT1/cmr/m/n/10 in Soy-bean Com-mod-ity Mar-kets''[][]. \OT1/cmr/m/it/10 Ap-plied Eco-nomics Per-spec-tives and Pol-icy\OT1/cmr/m/n/10 . DOI: 10.1002/aepp.13159 
 []

[2]
Underfull \hbox (badness 10000) in paragraph at lines 216--218

 []

[3]
Overfull \hbox (1.35287pt too wide) in paragraph at lines 280--281
[]\OT1/cmr/m/n/10 Presented a poster on global rice trade com-pet-i-tive-ness at the Third In-ter-na-tional Rice Congress
 []

[4] [5] (./CV_Lakkakula.aux)
Package rerunfilecheck Info: File `CV_Lakkakula.out' has not changed.
(rerunfilecheck)             Checksum: D41D8CD98F00B204E9800998ECF8427E;0.
 ) 
Here is how much of TeX's memory you used:
 8848 strings out of 480236
 143557 string characters out of 5894787
 445732 words of memory out of 5000000
 26712 multiletter control sequences out of 15000+600000
 471801 words of font info for 36 fonts, out of 8000000 for 9000
 14 hyphenation exceptions out of 8191
 60i,8n,63p,504b,486s stack positions out of 5000i,500n,10000p,200000b,80000s
 </Users/prithvirajlakkakula/Library/TinyTeX/texmf-var/fonts/pk/ljfour/jknappen/ec/tcrm1000.600pk> </Users/prithvirajlakkakula/Library/TinyTeX/texmf-var/fonts/pk/ljfour/jknappen/ec/tcbx1000.600pk></Users/prithvirajlakkakula/Library/TinyTeX/texmf-dist/fonts/type1/public/amsfonts/cm/cmbx10.pfb></Users/prithvirajlakkakula/Library/TinyTeX/texmf-dist/fonts/type1/public/amsfonts/cm/cmbx12.pfb></Users/prithvirajlakkakula/Library/TinyTeX/texmf-dist/fonts/type1/public/amsfonts/cm/cmcsc10.pfb></Users/prithvirajlakkakula/Library/TinyTeX/texmf-dist/fonts/type1/public/amsfonts/cm/cmmi7.pfb></Users/prithvirajlakkakula/Library/TinyTeX/texmf-dist/fonts/type1/public/amsfonts/cm/cmr10.pfb></Users/prithvirajlakkakula/Library/TinyTeX/texmf-dist/fonts/type1/public/amsfonts/cm/cmsy10.pfb></Users/prithvirajlakkakula/Library/TinyTeX/texmf-dist/fonts/type1/public/amsfonts/cm/cmti10.pfb>
Output written on CV_Lakkakula.pdf (5 pages, 127102 bytes).
PDF statistics:
 109 PDF objects out of 1000 (max. 8388607)
 85 compressed objects within 1 object stream
 6 named destinations out of 1000 (max. 500000)
 1 words of extra memory for PDF output out of 10000 (max. 10000000)

